2026-07-07 10:32:09,751 INFO [asos 2017-10] ok: 6 pages, 1 with composition
2026-07-07 10:32:47,385 INFO [asos 2018-01] ok: 9 pages, 5 with composition
2026-07-07 10:34:41,692 INFO [asos 2019-04] ok: 1 pages, 1 with composition
2026-07-07 10:34:41,889 INFO CDX throttled (ConnectionError) — cooling off 90s
2026-07-07 10:44:17,642 INFO [hm 2023-01] ok: 54 pages, 54 with composition
2026-07-07 10:59:22,666 INFO [asos 2024-03] ok: 59 pages, 59 with composition
2026-07-07 11:08:54,255 INFO [hm 2024-06] ok: 45 pages, 45 with composition
2026-07-07 11:08:54,451 INFO CDX throttled (ConnectionError) — cooling off 90s
2026-07-07 11:18:31,914 INFO [hm 2024-10] ok: 50 pages, 50 with composition
2026-07-07 11:19:32,314 INFO CDX throttled (ReadTimeout) — cooling off 90s
2026-07-07 11:30:34,024 INFO [asos 2024-10] ok: 55 pages, 53 with composition
2026-07-07 11:30:34,227 INFO CDX throttled (ConnectionError) — cooling off 90s
2026-07-07 11:41:58,401 INFO [hm 2024-11] ok: 56 pages, 51 with composition
2026-07-07 11:41:58,590 INFO CDX throttled (ConnectionError) — cooling off 90s
2026-07-07 11:51:23,913 INFO [asos 2024-11] ok: 51 pages, 47 with composition
2026-07-07 11:51:24,102 INFO CDX throttled (ConnectionError) — cooling off 90s
2026-07-07 12:02:29,761 INFO [hm 2024-12] ok: 50 pages, 44 with composition
2026-07-07 12:13:38,627 INFO [asos 2024-12] ok: 57 pages, 57 with composition
2026-07-07 12:24:18,610 INFO [hm 2025-01] ok: 54 pages, 49 with composition
2026-07-07 12:24:18,817 INFO CDX throttled (ConnectionError) — cooling off 90s
2026-07-07 12:34:50,128 INFO [asos 2025-01] ok: 52 pages, 50 with composition
2026-07-07 12:46:50,721 INFO [hm 2025-02] ok: 59 pages, 55 with composition
2026-07-07 12:58:02,164 INFO [asos 2025-02] ok: 60 pages, 56 with composition
2026-07-07 12:58:02,353 INFO CDX throttled (ConnectionError) — cooling off 90s
2026-07-07 13:09:59,930 INFO [hm 2025-03] ok: 56 pages, 56 with composition
2026-07-07 13:10:00,119 INFO CDX throttled (ConnectionError) — cooling off 90s
2026-07-07 13:21:37,563 INFO [asos 2025-03] ok: 57 pages, 56 with composition
2026-07-07 13:21:37,761 INFO CDX throttled (ConnectionError) — cooling off 90s
2026-07-07 13:31:01,984 INFO [hm 2025-04] ok: 51 pages, 51 with composition
2026-07-07 13:41:04,803 INFO [asos 2025-04] ok: 45 pages, 45 with composition
2026-07-07 13:41:05,016 INFO CDX throttled (ConnectionError) — cooling off 90s
2026-07-07 13:51:09,839 INFO [hm 2025-05] ok: 53 pages, 53 with composition
2026-07-07 13:51:10,031 INFO CDX throttled (ConnectionError) — cooling off 90s
2026-07-07 14:01:32,399 INFO [asos 2025-05] ok: 55 pages, 54 with composition
2026-07-07 14:01:32,601 INFO CDX throttled (ConnectionError) — cooling off 90s
2026-07-07 14:12:13,078 INFO [hm 2025-06] ok: 53 pages, 53 with composition
2026-07-07 14:22:51,378 INFO [asos 2025-06] ok: 54 pages, 54 with composition
2026-07-07 14:22:51,583 INFO CDX throttled (ConnectionError) — cooling off 90s
2026-07-07 14:32:48,877 INFO [hm 2025-07] ok: 48 pages, 48 with composition
2026-07-07 14:32:49,072 INFO CDX throttled (ConnectionError) — cooling off 90s
2026-07-07 14:45:00,165 INFO [asos 2025-07] ok: 58 pages, 54 with composition
2026-07-07 14:45:00,365 INFO CDX throttled (ConnectionError) — cooling off 90s
2026-07-07 14:55:02,393 INFO [hm 2025-08] ok: 53 pages, 53 with composition
2026-07-07 14:55:02,596 INFO CDX throttled (ConnectionError) — cooling off 90s
2026-07-07 15:05:41,067 INFO [asos 2025-08] ok: 55 pages, 52 with composition
2026-07-07 15:16:20,897 INFO [hm 2025-09] ok: 51 pages, 51 with composition
2026-07-07 15:27:27,288 INFO [asos 2025-09] ok: 50 pages, 38 with composition
2026-07-07 15:27:27,482 INFO CDX throttled (ConnectionError) — cooling off 90s
2026-07-07 15:39:37,468 INFO [hm 2025-10] ok: 56 pages, 56 with composition
2026-07-07 15:39:37,666 INFO CDX throttled (ConnectionError) — cooling off 90s
2026-07-07 15:49:11,250 INFO [asos 2025-10] ok: 50 pages, 49 with composition
2026-07-07 15:58:34,310 INFO [hm 2025-11] ok: 43 pages, 43 with composition
2026-07-07 15:58:34,511 INFO CDX throttled (ConnectionError) — cooling off 90s
2026-07-07 16:08:27,043 INFO [asos 2025-11] ok: 53 pages, 51 with composition
2026-07-07 16:18:33,276 INFO [hm 2025-12] ok: 52 pages, 42 with composition
2026-07-07 16:29:04,800 INFO [asos 2025-12] ok: 55 pages, 52 with composition
2026-07-07 16:29:04,961 INFO coverage: 297 retailer-months sampled; months with n_comp>=30: {'asos': 76, 'hm': 102, 'uniqlo': 3}
2026-07-07 16:29:04,963 INFO sweep complete for requested range
